#
# A fatal error has been detected by the Java Runtime Environment:
#
#  SIGBUS (0x7) at pc=0x00007f95de1b242b, pid=25920, tid=140281638565632
#
# JRE version: 6.0_23-b05
# Java VM: Java HotSpot(TM) 64-Bit Server VM (19.0-b09 mixed mode linux-amd64 compressed oops)
# Problematic frame:
# C  [libc.so.6+0x8742b]
#
# If you would like to submit a bug report, please visit:
#   http://java.sun.com/webapps/bugreport/crash.jsp
#

---------------  T H R E A D  ---------------

Current thread is native thread

siginfo:si_signo=SIGBUS: si_errno=0, si_code=2 (BUS_ADRERR), si_addr=0x00007f95deaf9000

Registers:
RAX=0x00007f95deaf9000, RBX=0x0000000000000003, RCX=0x0000000000000000, RDX=0x0000000000000000
RSP=0x00007f95dd3c2b68, RBP=0x00007f95dd3c2ba0, RSI=0x0000000000000000, RDI=0x00007f95deaf9000
R8 =0x0000000000007f80, R9 =0x0000000000100000, R10=0x0000000000000000, R11=0x00007f95de1b1f30
R12=0x00007f95deaf9000, R13=0x000000004025c720, R14=0x000000004025e780, R15=0x0000000000008000
RIP=0x00007f95de1b242b, EFL=0x0000000000010206, CSGSFS=0x0000000000000033, ERR=0x0000000000000006
  TRAPNO=0x000000000000000e

Register to memory mapping:

RAX=0x00007f95deaf9000
